# JRE version: OpenJDK Runtime Environment Microsoft-8035246 (17.0.8+7) (build 17.0.8+7-LTS)
# Java VM: OpenJDK 64-Bit Server VM Microsoft-8035246 (17.0.8+7-LTS, mixed mode, sharing, tiered, compressed oops, compressed class ptrs, g1 gc, windows-amd64)
GC Precious Log:
 CPUs: 4 total, 4 available
 Memory: 9932M
 Large Page Support: Disabled
 NUMA Support: Disabled
 Compressed Oops: Enabled (32-bit)
 Heap Region Size: 1M
 Heap Min Capacity: 8M
 Heap Initial Capacity: 156M
 Heap Max Capacity: 2G
 Pre-touch: Disabled
 Parallel Workers: 4
 Concurrent Workers: 1
 Concurrent Refinement Workers: 4
 Periodic GC: Disabled
Heap:
 garbage-first heap   total 334848K, used 230716K [0x0000000080000000, 0x0000000100000000)
  region size 1024K, 75 young (76800K), 1 survivors (1024K)
 Metaspace       used 100112K, committed 101120K, reserved 557056K
  class space    used 13916K, committed 14400K, reserved 425984K
GC Heap History (20 events):
Event: 65.328 GC heap before
{Heap before GC invocations=39 (full 0):
 garbage-first heap   total 182272K, used 149503K [0x0000000080000000, 0x0000000100000000)
  region size 1024K, 31 young (31744K), 6 survivors (6144K)
 Metaspace       used 91207K, committed 92096K, reserved 557056K
  class space    used 12753K, committed 13184K, reserved 425984K
}
Event: 65.346 GC heap after
{Heap after GC invocations=40 (full 0):
 garbage-first heap   total 182272K, used 126769K [0x0000000080000000, 0x0000000100000000)
  region size 1024K, 2 young (2048K), 2 survivors (2048K)
 Metaspace       used 91207K, committed 92096K, reserved 557056K
  class space    used 12753K, committed 13184K, reserved 425984K
}
Event: 66.538 GC heap before
{Heap before GC invocations=40 (full 0):
 garbage-first heap   total 182272K, used 151345K [0x0000000080000000, 0x0000000100000000)
  region size 1024K, 26 young (26624K), 2 survivors (2048K)
 Metaspace       used 91518K, committed 92352K, reserved 557056K
  class space    used 12787K, committed 13184K, reserved 425984K
}
Event: 66.550 GC heap after
{Heap after GC invocations=41 (full 0):
 garbage-first heap   total 219136K, used 131841K [0x0000000080000000, 0x0000000100000000)
  region size 1024K, 4 young (4096K), 4 survivors (4096K)
 Metaspace       used 91518K, committed 92352K, reserved 557056K
  class space    used 12787K, committed 13184K, reserved 425984K
}
Event: 67.826 GC heap before
{Heap before GC invocations=41 (full 0):
 garbage-first heap   total 219136K, used 178945K [0x0000000080000000, 0x0000000100000000)
  region size 1024K, 49 young (50176K), 4 survivors (4096K)
 Metaspace       used 93448K, committed 94400K, reserved 557056K
  class space    used 13054K, committed 13504K, reserved 425984K
}
Event: 67.847 GC heap after
{Heap after GC invocations=42 (full 0):
 garbage-first heap   total 219136K, used 139869K [0x0000000080000000, 0x0000000100000000)
  region size 1024K, 7 young (7168K), 7 survivors (7168K)
 Metaspace       used 93448K, committed 94400K, reserved 557056K
  class space    used 13054K, committed 13504K, reserved 425984K
}
Event: 68.923 GC heap before
{Heap before GC invocations=42 (full 0):
 garbage-first heap   total 219136K, used 179805K [0x0000000080000000, 0x0000000100000000)
  region size 1024K, 46 young (47104K), 7 survivors (7168K)
 Metaspace       used 96714K, committed 97664K, reserved 557056K
  class space    used 13525K, committed 13952K, reserved 425984K
}
Event: 68.940 GC heap after
{Heap after GC invocations=43 (full 0):
 garbage-first heap   total 219136K, used 142975K [0x0000000080000000, 0x0000000100000000)
  region size 1024K, 3 young (3072K), 3 survivors (3072K)
 Metaspace       used 96714K, committed 97664K, reserved 557056K
  class space    used 13525K, committed 13952K, reserved 425984K
}
Event: 70.049 GC heap before
{Heap before GC invocations=43 (full 0):
 garbage-first heap   total 219136K, used 180863K [0x0000000080000000, 0x0000000100000000)
  region size 1024K, 40 young (40960K), 3 survivors (3072K)
 Metaspace       used 97936K, committed 98880K, reserved 557056K
  class space    used 13685K, committed 14144K, reserved 425984K
}
Event: 70.072 GC heap after
{Heap after GC invocations=44 (full 0):
 garbage-first heap   total 219136K, used 147133K [0x0000000080000000, 0x0000000100000000)
  region size 1024K, 5 young (5120K), 5 survivors (5120K)
 Metaspace       used 97936K, committed 98880K, reserved 557056K
  class space    used 13685K, committed 14144K, reserved 425984K
}
Event: 70.941 GC heap before
{Heap before GC invocations=44 (full 0):
 garbage-first heap   total 219136K, used 182973K [0x0000000080000000, 0x0000000100000000)
  region size 1024K, 40 young (40960K), 5 survivors (5120K)
 Metaspace       used 98454K, committed 99392K, reserved 557056K
  class space    used 13733K, committed 14208K, reserved 425984K
}
Event: 70.960 GC heap after
{Heap after GC invocations=45 (full 0):
 garbage-first heap   total 219136K, used 151337K [0x0000000080000000, 0x0000000100000000)
  region size 1024K, 4 young (4096K), 4 survivors (4096K)
 Metaspace       used 98454K, committed 99392K, reserved 557056K
  class space    used 13733K, committed 14208K, reserved 425984K
}
Event: 71.669 GC heap before
{Heap before GC invocations=45 (full 0):
 garbage-first heap   total 219136K, used 184105K [0x0000000080000000, 0x0000000100000000)
  region size 1024K, 36 young (36864K), 4 survivors (4096K)
 Metaspace       used 98898K, committed 99840K, reserved 557056K
  class space    used 13778K, committed 14208K, reserved 425984K
}
Event: 71.686 GC heap after
{Heap after GC invocations=46 (full 0):
 garbage-first heap   total 219136K, used 154631K [0x0000000080000000, 0x0000000100000000)
  region size 1024K, 4 young (4096K), 4 survivors (4096K)
 Metaspace       used 98898K, committed 99840K, reserved 557056K
  class space    used 13778K, committed 14208K, reserved 425984K
}
Event: 71.704 GC heap before
{Heap before GC invocations=46 (full 0):
 garbage-first heap   total 219136K, used 155655K [0x0000000080000000, 0x0000000100000000)
  region size 1024K, 6 young (6144K), 4 survivors (4096K)
 Metaspace       used 98932K, committed 99840K, reserved 557056K
  class space    used 13782K, committed 14208K, reserved 425984K
}
Event: 71.718 GC heap after
{Heap after GC invocations=47 (full 0):
 garbage-first heap   total 219136K, used 155169K [0x0000000080000000, 0x0000000100000000)
  region size 1024K, 1 young (1024K), 1 survivors (1024K)
 Metaspace       used 98932K, committed 99840K, reserved 557056K
  class space    used 13782K, committed 14208K, reserved 425984K
}
Event: 72.748 GC heap before
{Heap before GC invocations=48 (full 0):
 garbage-first heap   total 278528K, used 178721K [0x0000000080000000, 0x0000000100000000)
  region size 1024K, 25 young (25600K), 1 survivors (1024K)
 Metaspace       used 99537K, committed 100544K, reserved 557056K
  class space    used 13854K, committed 14336K, reserved 425984K
}
Event: 72.758 GC heap after
{Heap after GC invocations=49 (full 0):
 garbage-first heap   total 278528K, used 156576K [0x0000000080000000, 0x0000000100000000)
  region size 1024K, 2 young (2048K), 2 survivors (2048K)
 Metaspace       used 99537K, committed 100544K, reserved 557056K
  class space    used 13854K, committed 14336K, reserved 425984K
}
Event: 73.080 GC heap before
{Heap before GC invocations=49 (full 0):
 garbage-first heap   total 278528K, used 167840K [0x0000000080000000, 0x0000000100000000)
  region size 1024K, 13 young (13312K), 2 survivors (2048K)
 Metaspace       used 99685K, committed 100672K, reserved 557056K
  class space    used 13861K, committed 14336K, reserved 425984K
}
Event: 73.092 GC heap after
{Heap after GC invocations=50 (full 0):
 garbage-first heap   total 334848K, used 155964K [0x0000000080000000, 0x0000000100000000)
  region size 1024K, 1 young (1024K), 1 survivors (1024K)
 Metaspace       used 99685K, committed 100672K, reserved 557056K
  class space    used 13861K, committed 14336K, reserved 425984K
}

